1,  0.0001
0.5, 0.1, 0.00000001
0.44457, 0.088803, 0.0025
0.39837, 0.079472, 0.0011111
0.35929, 0.071576, 0.000625
0.32578, 0.064808, 0.0004
0.2782, 0.055259, 0.00027778
0.24119, 0.047832, 0.00020408
0.21159, 0.04189, 0.00015625
0.17922, 0.035419, 0.00012346
0.15432, 0.030441, 0.0001
0.13457, 0.026493, 0.0001
0.11493, 0.022579, 0.0001
0.099539, 0.019512, 0.0001
0.085075, 0.016638, 0.0001
0.072154, 0.014075, 0.0001
0.060976, 0.011863, 0.0001
0.051491, 0.0099884, 0.0001
0.04353, 0.008418, 0.0001
0.036883, 0.0071089, 0.0001
0.031007, 0.0059549, 0.0001
0.025971, 0.0049684, 0.0001
0.021735, 0.0041404, 0.0001
0.018207, 0.0034524, 0.0001
0.015188, 0.0028655, 0.0001
0.012652, 0.0023738, 0.0001
0.010493, 0.0019569, 0.0001
0.0086896, 0.0016096, 0.0001
0.0071711, 0.0013183, 0.0001
0.0073543, 0.0013405, 0.0001
0.0072683, 0.0013122, 0.0001
0.0068293, 0.0012195, 0.0001
0.0063902, 0.0011268, 0.0001
0.0059512, 0.0010341, 0.0001
0.0055122, 0.00094146, 0.0001
0.0050732, 0.00084878, 0.0001
0.0046341, 0.0007561, 0.0001
0.0041951, 0.00066341, 0.0001
0.0037561, 0.00057073, 0.0001
0.0033171, 0.00047805, 0.0001
0.002878, 0.00038537, 0.0001
0.002439, 0.00029268, 0.0001
0.44457, 0.088803, 0.0025
0.39837, 0.079472, 0.0011111
0.35929, 0.071576, 0.000625
0.32578, 0.064808, 0.0004
0.2782, 0.055259, 0.00027778
0.24119, 0.047832, 0.00020408
0.21159, 0.04189, 0.00015625
0.17922, 0.035419, 0.00012346
0.15432, 0.030441, 0.0001
0.13457, 0.026493, 0.0001
0.11493, 0.022579, 0.0001
0.099539, 0.019512, 0.0001
0.085075, 0.016638, 0.0001
0.072154, 0.014075, 0.0001
0.060976, 0.011863, 0.0001
0.051491, 0.0099884, 0.0001
0.04353, 0.008418, 0.0001
0.036883, 0.0071089, 0.0001
0.031007, 0.0059549, 0.0001
0.025971, 0.0049684, 0.0001
0.021735, 0.0041404, 0.0001
0.018207, 0.0034524, 0.0001
0.015188, 0.0028655, 0.0001
0.012652, 0.0023738, 0.0001
0.010493, 0.0019569, 0.0001
0.0086896, 0.0016096, 0.0001
0.0071711, 0.0013183, 0.0001
0.0073543, 0.0013405, 0.0001
0.0072683, 0.0013122, 0.0001
0.0068293, 0.0012195, 0.0001
0.0063902, 0.0011268, 0.0001
0.0059512, 0.0010341, 0.0001
0.0055122, 0.00094146, 0.0001
0.0050732, 0.00084878, 0.0001
0.0046341, 0.0007561, 0.0001
0.0041951, 0.00066341, 0.0001
0.0037561, 0.00057073, 0.0001
0.0033171, 0.00047805, 0.0001
0.002878, 0.00038537, 0.0001
0.002439, 0.00029268, 0.0001
0.44457, 0.088803, 0.0025
0.39837, 0.079472, 0.0011111
0.35929, 0.071576, 0.000625
0.32578, 0.064808, 0.0004
0.2782, 0.055259, 0.00027778
0.24119, 0.047832, 0.00020408
0.21159, 0.04189, 0.00015625
0.17922, 0.035419, 0.00012346
0.15432, 0.030441, 0.0001
0.13457, 0.026493, 0.0001
0.11493, 0.022579, 0.0001
0.099539, 0.019512, 0.0001
0.085075, 0.016638, 0.0001
0.072154, 0.014075, 0.0001
0.060976, 0.011863, 0.0001
0.051491, 0.0099884, 0.0001
0.04353, 0.008418, 0.0001
0.036883, 0.0071089, 0.0001
0.031007, 0.0059549, 0.0001
0.025971, 0.0049684, 0.0001
0.021735, 0.0041404, 0.0001
0.018207, 0.0034524, 0.0001
0.015188, 0.0028655, 0.0001
0.012652, 0.0023738, 0.0001
0.010493, 0.0019569, 0.0001
0.0086896, 0.0016096, 0.0001
0.0071711, 0.0013183, 0.0001
0.0073543, 0.0013405, 0.0001
0.0072683, 0.0013122, 0.0001
0.0068293, 0.0012195, 0.0001
0.0063902, 0.0011268, 0.0001
0.0059512, 0.0010341, 0.0001
0.0055122, 0.00094146, 0.0001
0.0050732, 0.00084878, 0.0001
0.0046341, 0.0007561, 0.0001
0.0041951, 0.00066341, 0.0001
0.0037561, 0.00057073, 0.0001
0.0033171, 0.00047805, 0.0001
0.002878, 0.00038537, 0.0001
0.002439, 0.00029268, 0.0001
0.002, 0.0002, 0.0001

